This is pdfTeX, Version 3.14159265-2.6-1.40.21 (MiKTeX 20.11) (preloaded format=pdflatex 2020.12.11)  26 MAR 2023 14:29
entering extended mode
**./worksheet.tex
(worksheet.tex
LaTeX2e <2020-10-01> patch level 2
L3 programming layer <2020-10-27> xparse <2020-03-03>
(C:\Users\sjorv\AppData\Local\Programs\MiKTeX\tex/latex/base\article.cls
Document Class: article 2020/04/10 v1.4m Standard LaTeX document class
(C:\Users\sjorv\AppData\Local\Programs\MiKTeX\tex/latex/base\size10.clo
File: size10.clo 2020/04/10 v1.4m Standard LaTeX file (size option)
)
\c@part=\count175
\c@section=\count176
\c@subsection=\count177
\c@subsubsection=\count178
\c@paragraph=\count179
\c@subparagraph=\count180
\c@figure=\count181
\c@table=\count182
\abovecaptionskip=\skip47
\belowcaptionskip=\skip48
\bibindent=\dimen138
)
(structure.tex
(C:\Users\sjorv\AppData\Local\Programs\MiKTeX\tex/latex/amsfonts\amsfonts.sty
Package: amsfonts 2013/01/14 v3.01 Basic AMSFonts support
\@emptytoks=\toks15
\symAMSa=\mathgroup4
\symAMSb=\mathgroup5
LaTeX Font Info:    Redeclaring math symbol \hbar on input line 98.
LaTeX Font Info:    Overwriting math alphabet `\mathfrak' in version `bold'
(Font)                  U/euf/m/n --> U/euf/b/n on input line 106.
)
(C:\Users\sjorv\AppData\Local\Programs\MiKTeX\tex/latex/amsmath\amsmath.sty
Package: amsmath 2020/09/23 v2.17i AMS math features
\@mathmargin=\skip49

For additional information on amsmath, use the `?' option.
(C:\Users\sjorv\AppData\Local\Programs\MiKTeX\tex/latex/amsmath\amstext.sty
Package: amstext 2000/06/29 v2.01 AMS text

(C:\Users\sjorv\AppData\Local\Programs\MiKTeX\tex/latex/amsmath\amsgen.sty
File: amsgen.sty 1999/11/30 v2.0 generic functions
\@emptytoks=\toks16
\ex@=\dimen139
))
(C:\Users\sjorv\AppData\Local\Programs\MiKTeX\tex/latex/amsmath\amsbsy.sty
Package: amsbsy 1999/11/29 v1.2d Bold Symbols
\pmbraise@=\dimen140
)
(C:\Users\sjorv\AppData\Local\Programs\MiKTeX\tex/latex/amsmath\amsopn.sty
Package: amsopn 2016/03/08 v2.02 operator names
)
\inf@bad=\count183
LaTeX Info: Redefining \frac on input line 234.
\uproot@=\count184
\leftroot@=\count185
LaTeX Info: Redefining \overline on input line 399.
\classnum@=\count186
\DOTSCASE@=\count187
LaTeX Info: Redefining \ldots on input line 496.
LaTeX Info: Redefining \dots on input line 499.
LaTeX Info: Redefining \cdots on input line 620.
\Mathstrutbox@=\box47
\strutbox@=\box48
\big@size=\dimen141
LaTeX Font Info:    Redeclaring font encoding OML on input line 743.
LaTeX Font Info:    Redeclaring font encoding OMS on input line 744.
\macc@depth=\count188
\c@MaxMatrixCols=\count189
\dotsspace@=\muskip16
\c@parentequation=\count190
\dspbrk@lvl=\count191
\tag@help=\toks17
\row@=\count192
\column@=\count193
\maxfields@=\count194
\andhelp@=\toks18
\eqnshift@=\dimen142
\alignsep@=\dimen143
\tagshift@=\dimen144
\tagwidth@=\dimen145
\totwidth@=\dimen146
\lineht@=\dimen147
\@envbody=\toks19
\multlinegap=\skip50
\multlinetaggap=\skip51
\mathdisplay@stack=\toks20
LaTeX Info: Redefining \[ on input line 2923.
LaTeX Info: Redefining \] on input line 2924.
)
(C:\Users\sjorv\AppData\Local\Programs\MiKTeX\tex/latex/amsfonts\amssymb.sty
Package: amssymb 2013/01/14 v3.01 AMS font symbols
)
(C:\Users\sjorv\AppData\Local\Programs\MiKTeX\tex/latex/amscls\amsthm.sty
Package: amsthm 2020/05/29 v2.20.6
\thm@style=\toks21
\thm@bodyfont=\toks22
\thm@headfont=\toks23
\thm@notefont=\toks24
\thm@headpunct=\toks25
\thm@preskip=\skip52
\thm@postskip=\skip53
\thm@headsep=\skip54
\dth@everypar=\toks26
)
(C:\Users\sjorv\AppData\Local\Programs\MiKTeX\tex/latex/cite\cite.sty
LaTeX Info: Redefining \cite on input line 302.
LaTeX Info: Redefining \nocite on input line 332.
Package: cite 2015/02/27  v 5.5
)
(C:\Users\sjorv\AppData\Local\Programs\MiKTeX\tex/latex/enumitem\enumitem.sty
Package: enumitem 2019/06/20 v3.9 Customized lists
\enitkv@toks@=\toks27
\labelindent=\skip55
\enit@outerparindent=\dimen148
\enit@toks=\toks28
\enit@inbox=\box49
\enit@count@id=\count195
\enitdp@description=\count196
)
(C:\Users\sjorv\AppData\Local\Programs\MiKTeX\tex/latex/fancyhdr\fancyhdr.sty
Package: fancyhdr 2021/01/28 v4.0.1 Extensive control of page headers and foote
rs
\f@nch@headwidth=\skip56
\f@nch@O@elh=\skip57
\f@nch@O@erh=\skip58
\f@nch@O@olh=\skip59
\f@nch@O@orh=\skip60
\f@nch@O@elf=\skip61
\f@nch@O@erf=\skip62
\f@nch@O@olf=\skip63
\f@nch@O@orf=\skip64
)
(C:\Users\sjorv\AppData\Local\Programs\MiKTeX\tex/latex/float\float.sty
Package: float 2001/11/08 v1.3d Float enhancements (AL)
\c@float@type=\count197
\float@exts=\toks29
\float@box=\box50
\@float@everytoks=\toks30
\@floatcapt=\box51
)
(C:\Users\sjorv\AppData\Local\Programs\MiKTeX\tex/latex/geometry\geometry.sty
Package: geometry 2020/01/02 v5.9 Page Geometry

(C:\Users\sjorv\AppData\Local\Programs\MiKTeX\tex/latex/graphics\keyval.sty
Package: keyval 2014/10/28 v1.15 key=value parser (DPC)
\KV@toks@=\toks31
)
(C:\Users\sjorv\AppData\Local\Programs\MiKTeX\tex/generic/iftex\ifvtex.sty
Package: ifvtex 2019/10/25 v1.7 ifvtex legacy package. Use iftex instead.

(C:\Users\sjorv\AppData\Local\Programs\MiKTeX\tex/generic/iftex\iftex.sty
Package: iftex 2020/03/06 v1.0d TeX engine tests
))
\Gm@cnth=\count198
\Gm@cntv=\count199
\c@Gm@tempcnt=\count266
\Gm@bindingoffset=\dimen149
\Gm@wd@mp=\dimen150
\Gm@odd@mp=\dimen151
\Gm@even@mp=\dimen152
\Gm@layoutwidth=\dimen153
\Gm@layoutheight=\dimen154
\Gm@layouthoffset=\dimen155
\Gm@layoutvoffset=\dimen156
\Gm@dimlist=\toks32

(C:\Users\sjorv\AppData\Local\Programs\MiKTeX\tex/latex/geometry\geometry.cfg))
(C:\Users\sjorv\AppData\Local\Programs\MiKTeX\tex/latex/graphics\graphicx.sty
Package: graphicx 2020/09/09 v1.2b Enhanced LaTeX Graphics (DPC,SPQR)

(C:\Users\sjorv\AppData\Local\Programs\MiKTeX\tex/latex/graphics\graphics.sty
Package: graphics 2020/08/30 v1.4c Standard LaTeX Graphics (DPC,SPQR)

(C:\Users\sjorv\AppData\Local\Programs\MiKTeX\tex/latex/graphics\trig.sty
Package: trig 2016/01/03 v1.10 sin cos tan (DPC)
)
(C:\Users\sjorv\AppData\Local\Programs\MiKTeX\tex/latex/graphics-cfg\graphics.c
fg
File: graphics.cfg 2016/06/04 v1.11 sample graphics configuration
)
Package graphics Info: Driver file: pdftex.def on input line 105.

(C:\Users\sjorv\AppData\Local\Programs\MiKTeX\tex/latex/graphics-def\pdftex.def
File: pdftex.def 2020/10/05 v1.2a Graphics/color driver for pdftex
))
\Gin@req@height=\dimen157
\Gin@req@width=\dimen158
)
(C:\Users\sjorv\AppData\Local\Programs\MiKTeX\tex/latex/hyperref\hyperref.sty
Package: hyperref 2020-05-15 v7.00e Hypertext links for LaTeX

(C:\Users\sjorv\AppData\Local\Programs\MiKTeX\tex/generic/ltxcmds\ltxcmds.sty
Package: ltxcmds 2020-05-10 v1.25 LaTeX kernel commands for general use (HO)
)
(C:\Users\sjorv\AppData\Local\Programs\MiKTeX\tex/generic/pdftexcmds\pdftexcmds
.sty
Package: pdftexcmds 2020-06-27 v0.33 Utility functions of pdfTeX for LuaTeX (HO
)

(C:\Users\sjorv\AppData\Local\Programs\MiKTeX\tex/generic/infwarerr\infwarerr.s
ty
Package: infwarerr 2019/12/03 v1.5 Providing info/warning/error messages (HO)
)
Package pdftexcmds Info: \pdf@primitive is available.
Package pdftexcmds Info: \pdf@ifprimitive is available.
Package pdftexcmds Info: \pdfdraftmode found.
)
(C:\Users\sjorv\AppData\Local\Programs\MiKTeX\tex/generic/kvsetkeys\kvsetkeys.s
ty
Package: kvsetkeys 2019/12/15 v1.18 Key value parser (HO)
)
(C:\Users\sjorv\AppData\Local\Programs\MiKTeX\tex/generic/kvdefinekeys\kvdefine
keys.sty
Package: kvdefinekeys 2019-12-19 v1.6 Define keys (HO)
)
(C:\Users\sjorv\AppData\Local\Programs\MiKTeX\tex/generic/pdfescape\pdfescape.s
ty
Package: pdfescape 2019/12/09 v1.15 Implements pdfTeX's escape features (HO)
) (C:\Users\sjorv\AppData\Local\Programs\MiKTeX\tex/latex/hycolor\hycolor.sty
Package: hycolor 2020-01-27 v1.10 Color options for hyperref/bookmark (HO)
)
(C:\Users\sjorv\AppData\Local\Programs\MiKTeX\tex/latex/letltxmacro\letltxmacro
.sty
Package: letltxmacro 2019/12/03 v1.6 Let assignment for LaTeX macros (HO)
)
(C:\Users\sjorv\AppData\Local\Programs\MiKTeX\tex/latex/auxhook\auxhook.sty
Package: auxhook 2019-12-17 v1.6 Hooks for auxiliary files (HO)
)
(C:\Users\sjorv\AppData\Local\Programs\MiKTeX\tex/latex/kvoptions\kvoptions.sty
Package: kvoptions 2020-10-07 v3.14 Key value format for package options (HO)
)
\@linkdim=\dimen159
\Hy@linkcounter=\count267
\Hy@pagecounter=\count268
 (C:\Users\sjorv\AppData\Local\Programs\MiKTeX\tex/latex/hyperref\pd1enc.def
File: pd1enc.def 2020-05-15 v7.00e Hyperref: PDFDocEncoding definition (HO)
Now handling font encoding PD1 ...
... no UTF-8 mapping file for font encoding PD1
)
(C:\Users\sjorv\AppData\Local\Programs\MiKTeX\tex/generic/intcalc\intcalc.sty
Package: intcalc 2019/12/15 v1.3 Expandable calculations with integers (HO)
)
(C:\Users\sjorv\AppData\Local\Programs\MiKTeX\tex/generic/etexcmds\etexcmds.sty
Package: etexcmds 2019/12/15 v1.7 Avoid name clashes with e-TeX commands (HO)
)
\Hy@SavedSpaceFactor=\count269
Package hyperref Info: Hyper figures OFF on input line 4464.
Package hyperref Info: Link nesting OFF on input line 4469.
Package hyperref Info: Hyper index ON on input line 4472.
Package hyperref Info: Plain pages OFF on input line 4479.
Package hyperref Info: Backreferencing OFF on input line 4484.
Package hyperref Info: Implicit mode ON; LaTeX internals redefined.
Package hyperref Info: Bookmarks ON on input line 4717.
\c@Hy@tempcnt=\count270
 (C:\Users\sjorv\AppData\Local\Programs\MiKTeX\tex/latex/url\url.sty
\Urlmuskip=\muskip17
Package: url 2013/09/16  ver 3.4  Verb mode for urls, etc.
)
LaTeX Info: Redefining \url on input line 5076.
\XeTeXLinkMargin=\dimen160

(C:\Users\sjorv\AppData\Local\Programs\MiKTeX\tex/generic/bitset\bitset.sty
Package: bitset 2019/12/09 v1.3 Handle bit-vector datatype (HO)

(C:\Users\sjorv\AppData\Local\Programs\MiKTeX\tex/generic/bigintcalc\bigintcalc
.sty
Package: bigintcalc 2019/12/15 v1.5 Expandable calculations on big integers (HO
)
))
\Fld@menulength=\count271
\Field@Width=\dimen161
\Fld@charsize=\dimen162
Package hyperref Info: Hyper figures OFF on input line 6347.
Package hyperref Info: Link nesting OFF on input line 6352.
Package hyperref Info: Hyper index ON on input line 6355.
Package hyperref Info: backreferencing OFF on input line 6362.
Package hyperref Info: Link coloring OFF on input line 6367.
Package hyperref Info: Link coloring with OCG OFF on input line 6372.
Package hyperref Info: PDF/A mode OFF on input line 6377.
LaTeX Info: Redefining \ref on input line 6417.
LaTeX Info: Redefining \pageref on input line 6421.

(C:\Users\sjorv\AppData\Local\Programs\MiKTeX\tex/latex/base\atbegshi-ltx.sty
Package: atbegshi-ltx 2020/08/17 v1.0a Emulation of the original atbegshi packa
ge
with kernel methods
)
\Hy@abspage=\count272
\c@Item=\count273
\c@Hfootnote=\count274
)
Package hyperref Info: Driver (autodetected): hpdftex.
(C:\Users\sjorv\AppData\Local\Programs\MiKTeX\tex/latex/hyperref\hpdftex.def
File: hpdftex.def 2020-05-15 v7.00e Hyperref driver for pdfTeX

(C:\Users\sjorv\AppData\Local\Programs\MiKTeX\tex/latex/base\atveryend-ltx.sty
Package: atveryend-ltx 2020/08/19 v1.0a Emulation of the original atvery packag
e
with kernel methods
)
\Fld@listcount=\count275
\c@bookmark@seq@number=\count276

(C:\Users\sjorv\AppData\Local\Programs\MiKTeX\tex/latex/rerunfilecheck\rerunfil
echeck.sty
Package: rerunfilecheck 2019/12/05 v1.9 Rerun checks for auxiliary files (HO)

(C:\Users\sjorv\AppData\Local\Programs\MiKTeX\tex/generic/uniquecounter\uniquec
ounter.sty
Package: uniquecounter 2019/12/15 v1.4 Provide unlimited unique counter (HO)
)
Package uniquecounter Info: New unique counter `rerunfilecheck' on input line 2
86.
)
\Hy@SectionHShift=\skip65
)
(C:\Users\sjorv\AppData\Local\Programs\MiKTeX\tex/latex/base\ifthen.sty
Package: ifthen 2014/09/29 v1.1c Standard LaTeX ifthen package (DPC)
)
(C:\Users\sjorv\AppData\Local\Programs\MiKTeX\tex/latex/import\import.sty
Package: import 2020/04/01  v 6.2
)
(C:\Users\sjorv\AppData\Local\Programs\MiKTeX\tex/latex/listings\listings.sty
\lst@mode=\count277
\lst@gtempboxa=\box52
\lst@token=\toks33
\lst@length=\count278
\lst@currlwidth=\dimen163
\lst@column=\count279
\lst@pos=\count280
\lst@lostspace=\dimen164
\lst@width=\dimen165
\lst@newlines=\count281
\lst@lineno=\count282
\lst@maxwidth=\dimen166

(C:\Users\sjorv\AppData\Local\Programs\MiKTeX\tex/latex/listings\lstmisc.sty
File: lstmisc.sty 2020/03/24 1.8d (Carsten Heinz)
\c@lstnumber=\count283
\lst@skipnumbers=\count284
\lst@framebox=\box53
)
(C:\Users\sjorv\AppData\Local\Programs\MiKTeX\tex/latex/listings\listings.cfg
File: listings.cfg 2020/03/24 1.8d listings configuration
))
Package: listings 2020/03/24 1.8d (Carsten Heinz)

(C:\Users\sjorv\AppData\Local\Programs\MiKTeX\tex/latex/mathtools\mathtools.sty
Package: mathtools 2020/03/24 v1.24 mathematical typesetting tools
(C:\Users\sjorv\AppData\Local\Programs\MiKTeX\tex/latex/tools\calc.sty
Package: calc 2017/05/25 v4.3 Infix arithmetic (KKT,FJ)
\calc@Acount=\count285
\calc@Bcount=\count286
\calc@Adimen=\dimen167
\calc@Bdimen=\dimen168
\calc@Askip=\skip66
\calc@Bskip=\skip67
LaTeX Info: Redefining \setlength on input line 80.
LaTeX Info: Redefining \addtolength on input line 81.
\calc@Ccount=\count287
\calc@Cskip=\skip68
)
(C:\Users\sjorv\AppData\Local\Programs\MiKTeX\tex/latex/mathtools\mhsetup.sty
Package: mhsetup 2017/03/31 v1.3 programming setup (MH)
)
LaTeX Info: Thecontrolsequence`\('isalreadyrobust on input line 130.
LaTeX Info: Thecontrolsequence`\)'isalreadyrobust on input line 130.
LaTeX Info: Thecontrolsequence`\['isalreadyrobust on input line 130.
LaTeX Info: Thecontrolsequence`\]'isalreadyrobust on input line 130.
\g_MT_multlinerow_int=\count288
\l_MT_multwidth_dim=\dimen169
\origjot=\skip69
\l_MT_shortvdotswithinadjustabove_dim=\dimen170
\l_MT_shortvdotswithinadjustbelow_dim=\dimen171
\l_MT_above_intertext_sep=\dimen172
\l_MT_below_intertext_sep=\dimen173
\l_MT_above_shortintertext_sep=\dimen174
\l_MT_below_shortintertext_sep=\dimen175
\xmathstrut@box=\box54
\xmathstrut@dim=\dimen176
) (C:\Users\sjorv\AppData\Local\Programs\MiKTeX\tex/latex/tools\multicol.sty
Package: multicol 2019/12/09 v1.8y multicolumn formatting (FMi)
\c@tracingmulticols=\count289
\mult@box=\box55
\multicol@leftmargin=\dimen177
\c@unbalance=\count290
\c@collectmore=\count291
\doublecol@number=\count292
\multicoltolerance=\count293
\multicolpretolerance=\count294
\full@width=\dimen178
\page@free=\dimen179
\premulticols=\dimen180
\postmulticols=\dimen181
\multicolsep=\skip70
\multicolbaselineskip=\skip71
\partial@page=\box56
\last@line=\box57
\maxbalancingoverflow=\dimen182
\mult@rightbox=\box58
\mult@grightbox=\box59
\mult@gfirstbox=\box60
\mult@firstbox=\box61
\@tempa=\box62
\@tempa=\box63
\@tempa=\box64
\@tempa=\box65
\@tempa=\box66
\@tempa=\box67
\@tempa=\box68
\@tempa=\box69
\@tempa=\box70
\@tempa=\box71
\@tempa=\box72
\@tempa=\box73
\@tempa=\box74
\@tempa=\box75
\@tempa=\box76
\@tempa=\box77
\@tempa=\box78
\@tempa=\box79
\@tempa=\box80
\@tempa=\box81
\@tempa=\box82
\@tempa=\box83
\@tempa=\box84
\@tempa=\box85
\@tempa=\box86
\@tempa=\box87
\@tempa=\box88
\@tempa=\box89
\@tempa=\box90
\@tempa=\box91
\@tempa=\box92
\@tempa=\box93
\@tempa=\box94
\@tempa=\box95
\@tempa=\box96
\@tempa=\box97
\@tempa=\box98
\c@minrows=\count295
\c@columnbadness=\count296
\c@finalcolumnbadness=\count297
\last@try=\dimen183
\multicolovershoot=\dimen184
\multicolundershoot=\dimen185
\mult@nat@firstbox=\box99
\colbreak@box=\box100
\mc@col@check@num=\count298
)
(C:\Users\sjorv\AppData\Local\Programs\MiKTeX\tex/latex/pgfplots\pgfplots.sty
(C:\Users\sjorv\AppData\Local\Programs\MiKTeX\tex/generic/pgfplots\pgfplots.rev
ision.tex)
Package: pgfplots 2020/02/29 v1.17 Data Visualization (1.17)

(C:\Users\sjorv\AppData\Local\Programs\MiKTeX\tex/latex/pgf/frontendlayer\tikz.
sty
(C:\Users\sjorv\AppData\Local\Programs\MiKTeX\tex/latex/pgf/basiclayer\pgf.sty
(C:\Users\sjorv\AppData\Local\Programs\MiKTeX\tex/latex/pgf/utilities\pgfrcs.st
y
(C:\Users\sjorv\AppData\Local\Programs\MiKTeX\tex/generic/pgf/utilities\pgfutil
-common.tex
\pgfutil@everybye=\toks34
\pgfutil@tempdima=\dimen186
\pgfutil@tempdimb=\dimen187

(C:\Users\sjorv\AppData\Local\Programs\MiKTeX\tex/generic/pgf/utilities\pgfutil
-common-lists.tex))
(C:\Users\sjorv\AppData\Local\Programs\MiKTeX\tex/generic/pgf/utilities\pgfutil
-latex.def
\pgfutil@abb=\box101
)
(C:\Users\sjorv\AppData\Local\Programs\MiKTeX\tex/generic/pgf/utilities\pgfrcs.
code.tex
(C:\Users\sjorv\AppData\Local\Programs\MiKTeX\tex/generic/pgf\pgf.revision.tex)
Package: pgfrcs 2020/10/01 v3.1.6a (3.1.6a)
))
Package: pgf 2020/10/01 v3.1.6a (3.1.6a)

(C:\Users\sjorv\AppData\Local\Programs\MiKTeX\tex/latex/pgf/basiclayer\pgfcore.
sty
(C:\Users\sjorv\AppData\Local\Programs\MiKTeX\tex/latex/pgf/systemlayer\pgfsys.
sty
(C:\Users\sjorv\AppData\Local\Programs\MiKTeX\tex/generic/pgf/systemlayer\pgfsy
s.code.tex
Package: pgfsys 2020/10/01 v3.1.6a (3.1.6a)

(C:\Users\sjorv\AppData\Local\Programs\MiKTeX\tex/generic/pgf/utilities\pgfkeys
.code.tex
\pgfkeys@pathtoks=\toks35
\pgfkeys@temptoks=\toks36

(C:\Users\sjorv\AppData\Local\Programs\MiKTeX\tex/generic/pgf/utilities\pgfkeys
filtered.code.tex
\pgfkeys@tmptoks=\toks37
))
\pgf@x=\dimen188
\pgf@y=\dimen189
\pgf@xa=\dimen190
\pgf@ya=\dimen191
\pgf@xb=\dimen192
\pgf@yb=\dimen193
\pgf@xc=\dimen194
\pgf@yc=\dimen195
\pgf@xd=\dimen196
\pgf@yd=\dimen197
\w@pgf@writea=\write3
\r@pgf@reada=\read2
\c@pgf@counta=\count299
\c@pgf@countb=\count300
\c@pgf@countc=\count301
\c@pgf@countd=\count302
\t@pgf@toka=\toks38
\t@pgf@tokb=\toks39
\t@pgf@tokc=\toks40
\pgf@sys@id@count=\count303

(C:\Users\sjorv\AppData\Local\Programs\MiKTeX\tex/generic/pgf/systemlayer\pgf.c
fg
File: pgf.cfg 2020/10/01 v3.1.6a (3.1.6a)
)
Driver file for pgf: pgfsys-pdftex.def

(C:\Users\sjorv\AppData\Local\Programs\MiKTeX\tex/generic/pgf/systemlayer\pgfsy
s-pdftex.def
File: pgfsys-pdftex.def 2020/10/01 v3.1.6a (3.1.6a)

(C:\Users\sjorv\AppData\Local\Programs\MiKTeX\tex/generic/pgf/systemlayer\pgfsy
s-common-pdf.def
File: pgfsys-common-pdf.def 2020/10/01 v3.1.6a (3.1.6a)
)))
(C:\Users\sjorv\AppData\Local\Programs\MiKTeX\tex/generic/pgf/systemlayer\pgfsy
ssoftpath.code.tex
File: pgfsyssoftpath.code.tex 2020/10/01 v3.1.6a (3.1.6a)
\pgfsyssoftpath@smallbuffer@items=\count304
\pgfsyssoftpath@bigbuffer@items=\count305
)
(C:\Users\sjorv\AppData\Local\Programs\MiKTeX\tex/generic/pgf/systemlayer\pgfsy
sprotocol.code.tex
File: pgfsysprotocol.code.tex 2020/10/01 v3.1.6a (3.1.6a)
))
(C:\Users\sjorv\AppData\Local\Programs\MiKTeX\tex/latex/xcolor\xcolor.sty
Package: xcolor 2016/05/11 v2.12 LaTeX color extensions (UK)

(C:\Users\sjorv\AppData\Local\Programs\MiKTeX\tex/latex/graphics-cfg\color.cfg
File: color.cfg 2016/01/02 v1.6 sample color configuration
)
Package xcolor Info: Driver file: pdftex.def on input line 225.
Package xcolor Info: Model `cmy' substituted by `cmy0' on input line 1348.
Package xcolor Info: Model `hsb' substituted by `rgb' on input line 1352.
Package xcolor Info: Model `RGB' extended on input line 1364.
Package xcolor Info: Model `HTML' substituted by `rgb' on input line 1366.
Package xcolor Info: Model `Hsb' substituted by `hsb' on input line 1367.
Package xcolor Info: Model `tHsb' substituted by `hsb' on input line 1368.
Package xcolor Info: Model `HSB' substituted by `hsb' on input line 1369.
Package xcolor Info: Model `Gray' substituted by `gray' on input line 1370.
Package xcolor Info: Model `wave' substituted by `hsb' on input line 1371.
)
(C:\Users\sjorv\AppData\Local\Programs\MiKTeX\tex/generic/pgf/basiclayer\pgfcor
e.code.tex
Package: pgfcore 2020/10/01 v3.1.6a (3.1.6a)

(C:\Users\sjorv\AppData\Local\Programs\MiKTeX\tex/generic/pgf/math\pgfmath.code
.tex
(C:\Users\sjorv\AppData\Local\Programs\MiKTeX\tex/generic/pgf/math\pgfmathcalc.
code.tex
(C:\Users\sjorv\AppData\Local\Programs\MiKTeX\tex/generic/pgf/math\pgfmathutil.
code.tex)
(C:\Users\sjorv\AppData\Local\Programs\MiKTeX\tex/generic/pgf/math\pgfmathparse
r.code.tex
\pgfmath@dimen=\dimen198
\pgfmath@count=\count306
\pgfmath@box=\box102
\pgfmath@toks=\toks41
\pgfmath@stack@operand=\toks42
\pgfmath@stack@operation=\toks43
)
(C:\Users\sjorv\AppData\Local\Programs\MiKTeX\tex/generic/pgf/math\pgfmathfunct
ions.code.tex
(C:\Users\sjorv\AppData\Local\Programs\MiKTeX\tex/generic/pgf/math\pgfmathfunct
ions.basic.code.tex)
(C:\Users\sjorv\AppData\Local\Programs\MiKTeX\tex/generic/pgf/math\pgfmathfunct
ions.trigonometric.code.tex)
(C:\Users\sjorv\AppData\Local\Programs\MiKTeX\tex/generic/pgf/math\pgfmathfunct
ions.random.code.tex)
(C:\Users\sjorv\AppData\Local\Programs\MiKTeX\tex/generic/pgf/math\pgfmathfunct
ions.comparison.code.tex)
(C:\Users\sjorv\AppData\Local\Programs\MiKTeX\tex/generic/pgf/math\pgfmathfunct
ions.base.code.tex)
(C:\Users\sjorv\AppData\Local\Programs\MiKTeX\tex/generic/pgf/math\pgfmathfunct
ions.round.code.tex)
(C:\Users\sjorv\AppData\Local\Programs\MiKTeX\tex/generic/pgf/math\pgfmathfunct
ions.misc.code.tex)
(C:\Users\sjorv\AppData\Local\Programs\MiKTeX\tex/generic/pgf/math\pgfmathfunct
ions.integerarithmetics.code.tex)))
(C:\Users\sjorv\AppData\Local\Programs\MiKTeX\tex/generic/pgf/math\pgfmathfloat
.code.tex
\c@pgfmathroundto@lastzeros=\count307
))
(C:\Users\sjorv\AppData\Local\Programs\MiKTeX\tex/generic/pgf/math\pgfint.code.
tex)
(C:\Users\sjorv\AppData\Local\Programs\MiKTeX\tex/generic/pgf/basiclayer\pgfcor
epoints.code.tex
File: pgfcorepoints.code.tex 2020/10/01 v3.1.6a (3.1.6a)
\pgf@picminx=\dimen199
\pgf@picmaxx=\dimen256
\pgf@picminy=\dimen257
\pgf@picmaxy=\dimen258
\pgf@pathminx=\dimen259
\pgf@pathmaxx=\dimen260
\pgf@pathminy=\dimen261
\pgf@pathmaxy=\dimen262
\pgf@xx=\dimen263
\pgf@xy=\dimen264
\pgf@yx=\dimen265
\pgf@yy=\dimen266
\pgf@zx=\dimen267
\pgf@zy=\dimen268
)
(C:\Users\sjorv\AppData\Local\Programs\MiKTeX\tex/generic/pgf/basiclayer\pgfcor
epathconstruct.code.tex
File: pgfcorepathconstruct.code.tex 2020/10/01 v3.1.6a (3.1.6a)
\pgf@path@lastx=\dimen269
\pgf@path@lasty=\dimen270
)
(C:\Users\sjorv\AppData\Local\Programs\MiKTeX\tex/generic/pgf/basiclayer\pgfcor
epathusage.code.tex
File: pgfcorepathusage.code.tex 2020/10/01 v3.1.6a (3.1.6a)
\pgf@shorten@end@additional=\dimen271
\pgf@shorten@start@additional=\dimen272
)
(C:\Users\sjorv\AppData\Local\Programs\MiKTeX\tex/generic/pgf/basiclayer\pgfcor
escopes.code.tex
File: pgfcorescopes.code.tex 2020/10/01 v3.1.6a (3.1.6a)
\pgfpic=\box103
\pgf@hbox=\box104
\pgf@layerbox@main=\box105
\pgf@picture@serial@count=\count308
)
(C:\Users\sjorv\AppData\Local\Programs\MiKTeX\tex/generic/pgf/basiclayer\pgfcor
egraphicstate.code.tex
File: pgfcoregraphicstate.code.tex 2020/10/01 v3.1.6a (3.1.6a)
\pgflinewidth=\dimen273
)
(C:\Users\sjorv\AppData\Local\Programs\MiKTeX\tex/generic/pgf/basiclayer\pgfcor
etransformations.code.tex
File: pgfcoretransformations.code.tex 2020/10/01 v3.1.6a (3.1.6a)
\pgf@pt@x=\dimen274
\pgf@pt@y=\dimen275
\pgf@pt@temp=\dimen276
)
(C:\Users\sjorv\AppData\Local\Programs\MiKTeX\tex/generic/pgf/basiclayer\pgfcor
equick.code.tex
File: pgfcorequick.code.tex 2020/10/01 v3.1.6a (3.1.6a)
)
(C:\Users\sjorv\AppData\Local\Programs\MiKTeX\tex/generic/pgf/basiclayer\pgfcor
eobjects.code.tex
File: pgfcoreobjects.code.tex 2020/10/01 v3.1.6a (3.1.6a)
)
(C:\Users\sjorv\AppData\Local\Programs\MiKTeX\tex/generic/pgf/basiclayer\pgfcor
epathprocessing.code.tex
File: pgfcorepathprocessing.code.tex 2020/10/01 v3.1.6a (3.1.6a)
)
(C:\Users\sjorv\AppData\Local\Programs\MiKTeX\tex/generic/pgf/basiclayer\pgfcor
earrows.code.tex
File: pgfcorearrows.code.tex 2020/10/01 v3.1.6a (3.1.6a)
\pgfarrowsep=\dimen277
)
(C:\Users\sjorv\AppData\Local\Programs\MiKTeX\tex/generic/pgf/basiclayer\pgfcor
eshade.code.tex
File: pgfcoreshade.code.tex 2020/10/01 v3.1.6a (3.1.6a)
\pgf@max=\dimen278
\pgf@sys@shading@range@num=\count309
\pgf@shadingcount=\count310
)
(C:\Users\sjorv\AppData\Local\Programs\MiKTeX\tex/generic/pgf/basiclayer\pgfcor
eimage.code.tex
File: pgfcoreimage.code.tex 2020/10/01 v3.1.6a (3.1.6a)

(C:\Users\sjorv\AppData\Local\Programs\MiKTeX\tex/generic/pgf/basiclayer\pgfcor
eexternal.code.tex
File: pgfcoreexternal.code.tex 2020/10/01 v3.1.6a (3.1.6a)
\pgfexternal@startupbox=\box106
))
(C:\Users\sjorv\AppData\Local\Programs\MiKTeX\tex/generic/pgf/basiclayer\pgfcor
elayers.code.tex
File: pgfcorelayers.code.tex 2020/10/01 v3.1.6a (3.1.6a)
)
(C:\Users\sjorv\AppData\Local\Programs\MiKTeX\tex/generic/pgf/basiclayer\pgfcor
etransparency.code.tex
File: pgfcoretransparency.code.tex 2020/10/01 v3.1.6a (3.1.6a)
)
(C:\Users\sjorv\AppData\Local\Programs\MiKTeX\tex/generic/pgf/basiclayer\pgfcor
epatterns.code.tex
File: pgfcorepatterns.code.tex 2020/10/01 v3.1.6a (3.1.6a)
)
(C:\Users\sjorv\AppData\Local\Programs\MiKTeX\tex/generic/pgf/basiclayer\pgfcor
erdf.code.tex
File: pgfcorerdf.code.tex 2020/10/01 v3.1.6a (3.1.6a)
)))
(C:\Users\sjorv\AppData\Local\Programs\MiKTeX\tex/generic/pgf/modules\pgfmodule
shapes.code.tex
File: pgfmoduleshapes.code.tex 2020/10/01 v3.1.6a (3.1.6a)
\pgfnodeparttextbox=\box107
)
(C:\Users\sjorv\AppData\Local\Programs\MiKTeX\tex/generic/pgf/modules\pgfmodule
plot.code.tex
File: pgfmoduleplot.code.tex 2020/10/01 v3.1.6a (3.1.6a)
)
(C:\Users\sjorv\AppData\Local\Programs\MiKTeX\tex/latex/pgf/compatibility\pgfco
mp-version-0-65.sty
Package: pgfcomp-version-0-65 2020/10/01 v3.1.6a (3.1.6a)
\pgf@nodesepstart=\dimen279
\pgf@nodesepend=\dimen280
)
(C:\Users\sjorv\AppData\Local\Programs\MiKTeX\tex/latex/pgf/compatibility\pgfco
mp-version-1-18.sty
Package: pgfcomp-version-1-18 2020/10/01 v3.1.6a (3.1.6a)
))
(C:\Users\sjorv\AppData\Local\Programs\MiKTeX\tex/latex/pgf/utilities\pgffor.st
y
(C:\Users\sjorv\AppData\Local\Programs\MiKTeX\tex/latex/pgf/utilities\pgfkeys.s
ty
(C:\Users\sjorv\AppData\Local\Programs\MiKTeX\tex/generic/pgf/utilities\pgfkeys
.code.tex))
(C:\Users\sjorv\AppData\Local\Programs\MiKTeX\tex/latex/pgf/math\pgfmath.sty
(C:\Users\sjorv\AppData\Local\Programs\MiKTeX\tex/generic/pgf/math\pgfmath.code
.tex))
(C:\Users\sjorv\AppData\Local\Programs\MiKTeX\tex/generic/pgf/utilities\pgffor.
code.tex
Package: pgffor 2020/10/01 v3.1.6a (3.1.6a)

(C:\Users\sjorv\AppData\Local\Programs\MiKTeX\tex/generic/pgf/math\pgfmath.code
.tex)
\pgffor@iter=\dimen281
\pgffor@skip=\dimen282
\pgffor@stack=\toks44
\pgffor@toks=\toks45
))
(C:\Users\sjorv\AppData\Local\Programs\MiKTeX\tex/generic/pgf/frontendlayer/tik
z\tikz.code.tex
Package: tikz 2020/10/01 v3.1.6a (3.1.6a)

(C:\Users\sjorv\AppData\Local\Programs\MiKTeX\tex/generic/pgf/libraries\pgflibr
aryplothandlers.code.tex
File: pgflibraryplothandlers.code.tex 2020/10/01 v3.1.6a (3.1.6a)
\pgf@plot@mark@count=\count311
\pgfplotmarksize=\dimen283
)
\tikz@lastx=\dimen284
\tikz@lasty=\dimen285
\tikz@lastxsaved=\dimen286
\tikz@lastysaved=\dimen287
\tikz@lastmovetox=\dimen288
\tikz@lastmovetoy=\dimen289
\tikzleveldistance=\dimen290
\tikzsiblingdistance=\dimen291
\tikz@figbox=\box108
\tikz@figbox@bg=\box109
\tikz@tempbox=\box110
\tikz@tempbox@bg=\box111
\tikztreelevel=\count312
\tikznumberofchildren=\count313
\tikznumberofcurrentchild=\count314
\tikz@fig@count=\count315

(C:\Users\sjorv\AppData\Local\Programs\MiKTeX\tex/generic/pgf/modules\pgfmodule
matrix.code.tex
File: pgfmodulematrix.code.tex 2020/10/01 v3.1.6a (3.1.6a)
\pgfmatrixcurrentrow=\count316
\pgfmatrixcurrentcolumn=\count317
\pgf@matrix@numberofcolumns=\count318
)
\tikz@expandcount=\count319

(C:\Users\sjorv\AppData\Local\Programs\MiKTeX\tex/generic/pgf/frontendlayer/tik
z/libraries\tikzlibrarytopaths.code.tex
File: tikzlibrarytopaths.code.tex 2020/10/01 v3.1.6a (3.1.6a)
)))
(C:\Users\sjorv\AppData\Local\Programs\MiKTeX\tex/generic/pgfplots\pgfplots.cod
e.tex
(C:\Users\sjorv\AppData\Local\Programs\MiKTeX\tex/generic/pgfplots\pgfplotscore
.code.tex
\t@pgfplots@toka=\toks46
\t@pgfplots@tokb=\toks47
\t@pgfplots@tokc=\toks48
\pgfplots@tmpa=\dimen292
\c@pgfplots@coordindex=\count320
\c@pgfplots@scanlineindex=\count321

(C:\Users\sjorv\AppData\Local\Programs\MiKTeX\tex/generic/pgfplots/sys\pgfplots
sysgeneric.code.tex))
(C:\Users\sjorv\AppData\Local\Programs\MiKTeX\tex/generic/pgfplots/libs\pgfplot
slibrary.code.tex)
(C:\Users\sjorv\AppData\Local\Programs\MiKTeX\tex/generic/pgfplots/oldpgfcompat
ib\pgfplotsoldpgfsupp_loader.code.tex
(C:\Users\sjorv\AppData\Local\Programs\MiKTeX\tex/generic/pgf/libraries\pgflibr
aryfpu.code.tex))
(C:\Users\sjorv\AppData\Local\Programs\MiKTeX\tex/generic/pgfplots/util\pgfplot
sutil.code.tex
(C:\Users\sjorv\AppData\Local\Programs\MiKTeX\tex/generic/pgfplots/liststructur
e\pgfplotsliststructure.code.tex)
(C:\Users\sjorv\AppData\Local\Programs\MiKTeX\tex/generic/pgfplots/liststructur
e\pgfplotsliststructureext.code.tex)
(C:\Users\sjorv\AppData\Local\Programs\MiKTeX\tex/generic/pgfplots/liststructur
e\pgfplotsarray.code.tex
\c@pgfplotsarray@tmp=\count322
)
(C:\Users\sjorv\AppData\Local\Programs\MiKTeX\tex/generic/pgfplots/liststructur
e\pgfplotsmatrix.code.tex)
(C:\Users\sjorv\AppData\Local\Programs\MiKTeX\tex/generic/pgfplots/numtable\pgf
plotstableshared.code.tex
\c@pgfplotstable@counta=\count323
\t@pgfplotstable@a=\toks49
)
(C:\Users\sjorv\AppData\Local\Programs\MiKTeX\tex/generic/pgfplots/liststructur
e\pgfplotsdeque.code.tex)
(C:\Users\sjorv\AppData\Local\Programs\MiKTeX\tex/generic/pgfplots/util\pgfplot
sbinary.code.tex
(C:\Users\sjorv\AppData\Local\Programs\MiKTeX\tex/generic/pgfplots/util\pgfplot
sbinary.data.code.tex))
(C:\Users\sjorv\AppData\Local\Programs\MiKTeX\tex/generic/pgfplots/util\pgfplot
sutil.verb.code.tex)
(C:\Users\sjorv\AppData\Local\Programs\MiKTeX\tex/generic/pgfplots/libs\pgflibr
arypgfplots.surfshading.code.tex
\c@pgfplotslibrarysurf@no=\count324

(C:\Users\sjorv\AppData\Local\Programs\MiKTeX\tex/generic/pgfplots/sys\pgflibra
rypgfplots.surfshading.pgfsys-pdftex.def)))
(C:\Users\sjorv\AppData\Local\Programs\MiKTeX\tex/generic/pgfplots/util\pgfplot
scolormap.code.tex
(C:\Users\sjorv\AppData\Local\Programs\MiKTeX\tex/generic/pgfplots/util\pgfplot
scolor.code.tex))
(C:\Users\sjorv\AppData\Local\Programs\MiKTeX\tex/generic/pgfplots\pgfplotsstac
kedplots.code.tex)
(C:\Users\sjorv\AppData\Local\Programs\MiKTeX\tex/generic/pgfplots\pgfplotsplot
handlers.code.tex
(C:\Users\sjorv\AppData\Local\Programs\MiKTeX\tex/generic/pgfplots\pgfplotsmesh
plothandler.code.tex
(C:\Users\sjorv\AppData\Local\Programs\MiKTeX\tex/generic/pgfplots\pgfplotsmesh
plotimage.code.tex)))
(C:\Users\sjorv\AppData\Local\Programs\MiKTeX\tex/generic/pgfplots\pgfplots.sca
ling.code.tex)
(C:\Users\sjorv\AppData\Local\Programs\MiKTeX\tex/generic/pgfplots\pgfplotscoor
dprocessing.code.tex)
(C:\Users\sjorv\AppData\Local\Programs\MiKTeX\tex/generic/pgfplots\pgfplots.err
orbars.code.tex)
(C:\Users\sjorv\AppData\Local\Programs\MiKTeX\tex/generic/pgfplots\pgfplots.mar
kers.code.tex)
(C:\Users\sjorv\AppData\Local\Programs\MiKTeX\tex/generic/pgfplots\pgfplotstick
s.code.tex)
(C:\Users\sjorv\AppData\Local\Programs\MiKTeX\tex/generic/pgfplots\pgfplots.pat
hs.code.tex)
(C:\Users\sjorv\AppData\Local\Programs\MiKTeX\tex/generic/pgf/frontendlayer/tik
z/libraries\tikzlibrarydecorations.code.tex
(C:\Users\sjorv\AppData\Local\Programs\MiKTeX\tex/generic/pgf/modules\pgfmodule
decorations.code.tex
\pgfdecoratedcompleteddistance=\dimen293
\pgfdecoratedremainingdistance=\dimen294
\pgfdecoratedinputsegmentcompleteddistance=\dimen295
\pgfdecoratedinputsegmentremainingdistance=\dimen296
\pgf@decorate@distancetomove=\dimen297
\pgf@decorate@repeatstate=\count325
\pgfdecorationsegmentamplitude=\dimen298
\pgfdecorationsegmentlength=\dimen299
)
\tikz@lib@dec@box=\box112
)
(C:\Users\sjorv\AppData\Local\Programs\MiKTeX\tex/generic/pgf/frontendlayer/tik
z/libraries\tikzlibrarydecorations.pathmorphing.code.tex
(C:\Users\sjorv\AppData\Local\Programs\MiKTeX\tex/generic/pgf/libraries/decorat
ions\pgflibrarydecorations.pathmorphing.code.tex))
(C:\Users\sjorv\AppData\Local\Programs\MiKTeX\tex/generic/pgf/frontendlayer/tik
z/libraries\tikzlibrarydecorations.pathreplacing.code.tex
(C:\Users\sjorv\AppData\Local\Programs\MiKTeX\tex/generic/pgf/libraries/decorat
ions\pgflibrarydecorations.pathreplacing.code.tex))
\pgfplots@numplots=\count326
\pgfplots@xmin@reg=\dimen300
\pgfplots@xmax@reg=\dimen301
\pgfplots@ymin@reg=\dimen302
\pgfplots@ymax@reg=\dimen303
\pgfplots@zmin@reg=\dimen304
\pgfplots@zmax@reg=\dimen305
)
(C:\Users\sjorv\AppData\Local\Programs\MiKTeX\tex/generic/pgf/frontendlayer/tik
z/libraries\tikzlibraryplotmarks.code.tex
File: tikzlibraryplotmarks.code.tex 2020/10/01 v3.1.6a (3.1.6a)

(C:\Users\sjorv\AppData\Local\Programs\MiKTeX\tex/generic/pgf/libraries\pgflibr
aryplotmarks.code.tex
File: pgflibraryplotmarks.code.tex 2020/10/01 v3.1.6a (3.1.6a)
)))
Package hyperref Info: Option `colorlinks' set `true' on input line 48.

(C:\Users\sjorv\AppData\Local\Programs\MiKTeX\tex/latex/tcolorbox\tcolorbox.sty
Package: tcolorbox 2020/10/09 version 4.42 text color boxes
(C:\Users\sjorv\AppData\Local\Programs\MiKTeX\tex/latex/tools\verbatim.sty
Package: verbatim 2019/11/10 v1.5r LaTeX2e package for verbatim enhancements
\every@verbatim=\toks50
\verbatim@line=\toks51
\verbatim@in@stream=\read3
)
(C:\Users\sjorv\AppData\Local\Programs\MiKTeX\tex/latex/environ\environ.sty
Package: environ 2014/05/04 v0.3 A new way to define environments

(C:\Users\sjorv\AppData\Local\Programs\MiKTeX\tex/latex/trimspaces\trimspaces.s
ty
Package: trimspaces 2009/09/17 v1.1 Trim spaces around a token list
))
(C:\Users\sjorv\AppData\Local\Programs\MiKTeX\tex/latex/etoolbox\etoolbox.sty
Package: etoolbox 2020/10/05 v2.5k e-TeX tools for LaTeX (JAW)
\etb@tempcnta=\count327
)
\tcb@titlebox=\box113
\tcb@upperbox=\box114
\tcb@lowerbox=\box115
\tcb@phantombox=\box116
\c@tcbbreakpart=\count328
\c@tcblayer=\count329
\c@tcolorbox@number=\count330
\tcb@temp=\box117
\tcb@temp=\box118
\tcb@temp=\box119
\tcb@temp=\box120
\tcb@out=\write4
\tcb@record@out=\write5

(C:\Users\sjorv\AppData\Local\Programs\MiKTeX\tex/latex/tcolorbox\tcbraster.cod
e.tex
Library (tcolorbox): 'tcbraster.code.tex' version '4.42'
\c@tcbrastercolumn=\count331
\c@tcbrasterrow=\count332
\c@tcbraster=\count333
)
(C:\Users\sjorv\AppData\Local\Programs\MiKTeX\tex/latex/tcolorbox\tcbskins.code
.tex
Library (tcolorbox): 'tcbskins.code.tex' version '4.42'
\tcb@waterbox=\box121

(C:\Users\sjorv\AppData\Local\Programs\MiKTeX\tex/latex/tcolorbox\tcbskinsjigsa
w.code.tex
Library (tcolorbox): 'tcbskinsjigsaw.code.tex' version '4.42'
))
(C:\Users\sjorv\AppData\Local\Programs\MiKTeX\tex/latex/tcolorbox\tcbbreakable.
code.tex
Library (tcolorbox): 'tcbbreakable.code.tex' version '4.42'
(C:\Users\sjorv\AppData\Local\Programs\MiKTeX\tex/generic/oberdiek\pdfcol.sty
Package: pdfcol 2019/12/29 v1.6 Handle new color stacks for pdfTeX (HO)
)
Package pdfcol Info: New color stack `tcb@breakable' = 1 on input line 23.
\tcb@testbox=\box122
\tcb@totalupperbox=\box123
\tcb@totallowerbox=\box124
)
(C:\Users\sjorv\AppData\Local\Programs\MiKTeX\tex/latex/tcolorbox\tcbhooks.code
.tex
Library (tcolorbox): 'tcbhooks.code.tex' version '4.42'
)
(C:\Users\sjorv\AppData\Local\Programs\MiKTeX\tex/latex/tcolorbox\tcbtheorems.c
ode.tex
Library (tcolorbox): 'tcbtheorems.code.tex' version '4.42'
)
(C:\Users\sjorv\AppData\Local\Programs\MiKTeX\tex/latex/tcolorbox\tcbfitting.co
de.tex
Library (tcolorbox): 'tcbfitting.code.tex' version '4.42'
\tcbfitdim=\dimen306
\tcb@lowerfitdim=\dimen307
\tcb@upperfitdim=\dimen308
\tcb@cur@hbadness=\count334
)
(C:\Users\sjorv\AppData\Local\Programs\MiKTeX\tex/latex/tcolorbox\tcbxparse.cod
e.tex
Library (tcolorbox): 'tcbxparse.code.tex' version '4.42'

(C:\Users\sjorv\AppData\Local\Programs\MiKTeX\tex/latex/l3packages/xparse\xpars
e.sty
(C:\Users\sjorv\AppData\Local\Programs\MiKTeX\tex/latex/l3kernel\expl3.sty
Package: expl3 2020-10-27 L3 programming layer (loader) 

(C:\Users\sjorv\AppData\Local\Programs\MiKTeX\tex/latex/l3backend\l3backend-pdf
tex.def
File: l3backend-pdftex.def 2020-09-24 L3 backend support: PDF output (pdfTeX)
\l__kernel_color_stack_int=\count335
\l__pdf_internal_box=\box125
))
Package: xparse 2020-10-27 L3 Experimental document command parser

(C:\Users\sjorv\AppData\Local\Programs\MiKTeX\tex/latex/l3packages/xparse\xpars
e-generic.tex)))
(C:\Users\sjorv\AppData\Local\Programs\MiKTeX\tex/latex/tcolorbox\tcblistingsut
f8.code.tex
Library (tcolorbox): 'tcblistingsutf8.code.tex' version '4.42'

(C:\Users\sjorv\AppData\Local\Programs\MiKTeX\tex/latex/tcolorbox\tcblistings.c
ode.tex
Library (tcolorbox): 'tcblistings.code.tex' version '4.42'

(C:\Users\sjorv\AppData\Local\Programs\MiKTeX\tex/latex/tcolorbox\tcblistingsco
re.code.tex
Library (tcolorbox): 'tcblistingscore.code.tex' version '4.42'

(C:\Users\sjorv\AppData\Local\Programs\MiKTeX\tex/latex/tcolorbox\tcbprocessing
.code.tex
Library (tcolorbox): 'tcbprocessing.code.tex' version '4.42'
(C:\Users\sjorv\AppData\Local\Programs\MiKTeX\tex/latex/tools\shellesc.sty
Package: shellesc 2019/11/08 v1.0c unified shell escape interface for LaTeX
Package shellesc Info: Restricted shell escape enabled on input line 77.
))
\c@tcblisting=\count336
))
(C:\Users\sjorv\AppData\Local\Programs\MiKTeX\tex/latex/listingsutf8\listingsut
f8.sty
Package: listingsutf8 2019-12-10 v1.5 Allow UTF-8 in listings input (HO)

(C:\Users\sjorv\AppData\Local\Programs\MiKTeX\tex/generic/stringenc\stringenc.s
ty
Package: stringenc 2019/11/29 v1.12 Convert strings between diff. encodings (HO
)
)))
(C:\Users\sjorv\AppData\Local\Programs\MiKTeX\tex/latex/tcolorbox\tcbexternal.c
ode.tex
Library (tcolorbox): 'tcbexternal.code.tex' version '4.42'
)
(C:\Users\sjorv\AppData\Local\Programs\MiKTeX\tex/latex/tcolorbox\tcbmagazine.c
ode.tex
Library (tcolorbox): 'tcbmagazine.code.tex' version '4.42'
)
(C:\Users\sjorv\AppData\Local\Programs\MiKTeX\tex/latex/tcolorbox\tcbvignette.c
ode.tex
Library (tcolorbox): 'tcbvignette.code.tex' version '4.42'

(C:\Users\sjorv\AppData\Local\Programs\MiKTeX\tex/generic/pgf/frontendlayer/tik
z/libraries\tikzlibraryfadings.code.tex
File: tikzlibraryfadings.code.tex 2020/10/01 v3.1.6a (3.1.6a)

(C:\Users\sjorv\AppData\Local\Programs\MiKTeX\tex/generic/pgf/libraries\pgflibr
aryfadings.code.tex
File: pgflibraryfadings.code.tex 2020/10/01 v3.1.6a (3.1.6a)
)))
(C:\Users\sjorv\AppData\Local\Programs\MiKTeX\tex/latex/tcolorbox\tcbposter.cod
e.tex
Library (tcolorbox): 'tcbposter.code.tex' version '4.42'
)) (C:\Users\sjorv\AppData\Local\Programs\MiKTeX\tex/latex/caption\caption.sty
Package: caption 2020/10/26 v3.5g Customizing captions (AR)

(C:\Users\sjorv\AppData\Local\Programs\MiKTeX\tex/latex/caption\caption3.sty
Package: caption3 2020/10/21 v2.2e caption3 kernel (AR)
\captionmargin=\dimen309
\captionmargin@=\dimen310
\captionwidth=\dimen311
\caption@tempdima=\dimen312
\caption@indent=\dimen313
\caption@parindent=\dimen314
\caption@hangindent=\dimen315
Package caption Info: Standard document class detected.
)
\c@caption@flags=\count337
\c@continuedfloat=\count338
Package caption Info: float package is loaded.
Package caption Info: hyperref package is loaded.
Package caption Info: listings package is loaded.
)
(C:\Users\sjorv\AppData\Local\Programs\MiKTeX\tex/latex/base\inputenc.sty
Package: inputenc 2020/08/01 v1.3d Input encoding file
\inpenc@prehook=\toks52
\inpenc@posthook=\toks53
)
(C:\Users\sjorv\AppData\Local\Programs\MiKTeX\tex/latex/base\fontenc.sty
Package: fontenc 2020/08/10 v2.0s Standard LaTeX package
)
(C:\Users\sjorv\AppData\Local\Programs\MiKTeX\tex/latex/tex-gyre\tgpagella.sty
Package: tgpagella 2009/09/27 v1.2 TeX Gyre Pagella as default roman family
) (C:\Users\sjorv\AppData\Local\Programs\MiKTeX\tex/latex/titlesec\titlesec.sty
Package: titlesec 2019/10/16 v2.13 Sectioning titles
\ttl@box=\box126
\beforetitleunit=\skip72
\aftertitleunit=\skip73
\ttl@plus=\dimen316
\ttl@minus=\dimen317
\ttl@toksa=\toks54
\titlewidth=\dimen318
\titlewidthlast=\dimen319
\titlewidthfirst=\dimen320
)
(C:\Users\sjorv\AppData\Local\Programs\MiKTeX\tex/generic/pgf/frontendlayer/tik
z/libraries\tikzlibraryshapes.geometric.code.tex
File: tikzlibraryshapes.geometric.code.tex 2020/10/01 v3.1.6a (3.1.6a)

(C:\Users\sjorv\AppData\Local\Programs\MiKTeX\tex/generic/pgf/libraries/shapes\
pgflibraryshapes.geometric.code.tex
File: pgflibraryshapes.geometric.code.tex 2020/10/01 v3.1.6a (3.1.6a)
))
(C:\Users\sjorv\AppData\Local\Programs\MiKTeX\tex/generic/pgf/libraries\pgflibr
aryarrows.meta.code.tex
File: pgflibraryarrows.meta.code.tex 2020/10/01 v3.1.6a (3.1.6a)
\pgfarrowinset=\dimen321
\pgfarrowlength=\dimen322
\pgfarrowwidth=\dimen323
\pgfarrowlinewidth=\dimen324
LaTeX Font Info:    Trying to load font information for T1+qpl on input line 20
4.

(C:\Users\sjorv\AppData\Local\Programs\MiKTeX\tex/latex/tex-gyre\t1qpl.fd
File: t1qpl.fd 2009/09/25 v1.2 font definition file for T1/qpl
))
(C:\Users\sjorv\AppData\Local\Programs\MiKTeX\tex/generic/pgf/frontendlayer/tik
z/libraries\tikzlibraryautomata.code.tex
File: tikzlibraryautomata.code.tex 2020/10/01 v3.1.6a (3.1.6a)

(C:\Users\sjorv\AppData\Local\Programs\MiKTeX\tex/generic/pgf/frontendlayer/tik
z/libraries\tikzlibraryshapes.multipart.code.tex
File: tikzlibraryshapes.multipart.code.tex 2020/10/01 v3.1.6a (3.1.6a)

(C:\Users\sjorv\AppData\Local\Programs\MiKTeX\tex/generic/pgf/libraries/shapes\
pgflibraryshapes.multipart.code.tex
File: pgflibraryshapes.multipart.code.tex 2020/10/01 v3.1.6a (3.1.6a)
\pgfnodepartlowerbox=\box127
\pgfnodeparttwobox=\box128
\pgfnodepartthreebox=\box129
\pgfnodepartfourbox=\box130
\pgfnodeparttwentybox=\box131
\pgfnodepartnineteenbox=\box132
\pgfnodeparteighteenbox=\box133
\pgfnodepartseventeenbox=\box134
\pgfnodepartsixteenbox=\box135
\pgfnodepartfifteenbox=\box136
\pgfnodepartfourteenbox=\box137
\pgfnodepartthirteenbox=\box138
\pgfnodeparttwelvebox=\box139
\pgfnodepartelevenbox=\box140
\pgfnodeparttenbox=\box141
\pgfnodepartninebox=\box142
\pgfnodeparteightbox=\box143
\pgfnodepartsevenbox=\box144
\pgfnodepartsixbox=\box145
\pgfnodepartfivebox=\box146
)))
(C:\Users\sjorv\AppData\Local\Programs\MiKTeX\tex/generic/pgf/frontendlayer/tik
z/libraries\tikzlibrarycalc.code.tex
File: tikzlibrarycalc.code.tex 2020/10/01 v3.1.6a (3.1.6a)
)
(C:\Users\sjorv\AppData\Local\Programs\MiKTeX\tex/generic/pgf/frontendlayer/tik
z/libraries\tikzlibrarypositioning.code.tex
File: tikzlibrarypositioning.code.tex 2020/10/01 v3.1.6a (3.1.6a)
)
\c@listtotal=\count339
\c@listcntr=\count340
) (worksheet.aux)
\openout1 = `worksheet.aux'.

LaTeX Font Info:    Checking defaults for OML/cmm/m/it on input line 8.
LaTeX Font Info:    ... okay on input line 8.
LaTeX Font Info:    Checking defaults for OMS/cmsy/m/n on input line 8.
LaTeX Font Info:    ... okay on input line 8.
LaTeX Font Info:    Checking defaults for OT1/cmr/m/n on input line 8.
LaTeX Font Info:    ... okay on input line 8.
LaTeX Font Info:    Checking defaults for T1/cmr/m/n on input line 8.
LaTeX Font Info:    ... okay on input line 8.
LaTeX Font Info:    Checking defaults for TS1/cmr/m/n on input line 8.
LaTeX Font Info:    ... okay on input line 8.
LaTeX Font Info:    Checking defaults for OMX/cmex/m/n on input line 8.
LaTeX Font Info:    ... okay on input line 8.
LaTeX Font Info:    Checking defaults for U/cmr/m/n on input line 8.
LaTeX Font Info:    ... okay on input line 8.
LaTeX Font Info:    Checking defaults for PD1/pdf/m/n on input line 8.
LaTeX Font Info:    ... okay on input line 8.

*geometry* driver: auto-detecting
*geometry* detected driver: pdftex
*geometry* verbose mode - [ preamble ] result:
* driver: pdftex
* paper: a4paper
* layout: <same size as paper>
* layoutoffset:(h,v)=(0.0pt,0.0pt)
* modes: 
* h-part:(L,W,R)=(56.9055pt, 483.69687pt, 56.9055pt)
* v-part:(T,H,B)=(48.36958pt, 748.30768pt, 48.36958pt)
* \paperwidth=597.50787pt
* \paperheight=845.04684pt
* \textwidth=483.69687pt
* \textheight=748.30768pt
* \oddsidemargin=-15.36449pt
* \evensidemargin=-15.36449pt
* \topmargin=-52.12677pt
* \headheight=14.0pt
* \headsep=14.22636pt
* \topskip=10.0pt
* \footskip=14.22636pt
* \marginparwidth=65.0pt
* \marginparsep=11.0pt
* \columnsep=10.0pt
* \skip\footins=9.0pt plus 4.0pt minus 2.0pt
* \hoffset=0.0pt
* \voffset=0.0pt
* \mag=1000
* \@twocolumnfalse
* \@twosidefalse
* \@mparswitchfalse
* \@reversemarginfalse
* (1in=72.27pt=25.4mm, 1cm=28.453pt)


(C:\Users\sjorv\AppData\Local\Programs\MiKTeX\tex/context/base/mkii\supp-pdf.mk
ii
[Loading MPS to PDF converter (version 2006.09.02).]
\scratchcounter=\count341
\scratchdimen=\dimen325
\scratchbox=\box147
\nofMPsegments=\count342
\nofMParguments=\count343
\everyMPshowfont=\toks55
\MPscratchCnt=\count344
\MPscratchDim=\dimen326
\MPnumerator=\count345
\makeMPintoPDFobject=\count346
\everyMPtoPDFconversion=\toks56
)
(C:\Users\sjorv\AppData\Local\Programs\MiKTeX\tex/latex/epstopdf-pkg\epstopdf-b
ase.sty
Package: epstopdf-base 2020-01-24 v2.11 Base part for package epstopdf
Package epstopdf-base Info: Redefining graphics rule for `.eps' on input line 4
85.
)
Package hyperref Info: Link coloring ON on input line 8.

(C:\Users\sjorv\AppData\Local\Programs\MiKTeX\tex/latex/hyperref\nameref.sty
Package: nameref 2019/09/16 v2.46 Cross-referencing by name of section

(C:\Users\sjorv\AppData\Local\Programs\MiKTeX\tex/latex/refcount\refcount.sty
Package: refcount 2019/12/15 v3.6 Data extraction from label references (HO)
)
(C:\Users\sjorv\AppData\Local\Programs\MiKTeX\tex/generic/gettitlestring\gettit
lestring.sty
Package: gettitlestring 2019/12/15 v1.6 Cleanup title references (HO)
)
\c@section@level=\count347
)
LaTeX Info: Redefining \ref on input line 8.
LaTeX Info: Redefining \pageref on input line 8.
LaTeX Info: Redefining \nameref on input line 8.
 (worksheet.out) (worksheet.out)
\@outlinefile=\write6
\openout6 = `worksheet.out'.

\c@lstlisting=\count348

Package pgfplots notification 'compat/show suggested version=true': document ha
s been generated with the most recent feature set (\pgfplotsset{compat=1.17}).

Package caption Info: Begin \AtBeginDocument code.
Package caption Info: End \AtBeginDocument code.
LaTeX Font Info:    Trying to load font information for U+msa on input line 12.

(C:\Users\sjorv\AppData\Local\Programs\MiKTeX\tex/latex/amsfonts\umsa.fd
File: umsa.fd 2013/01/14 v3.01 AMS symbols A
)
LaTeX Font Info:    Trying to load font information for U+msb on input line 12.


(C:\Users\sjorv\AppData\Local\Programs\MiKTeX\tex/latex/amsfonts\umsb.fd
File: umsb.fd 2013/01/14 v3.01 AMS symbols B
)
LaTeX Font Info:    Trying to load font information for T1+cmtt on input line 4
0.

(C:\Users\sjorv\AppData\Local\Programs\MiKTeX\tex/latex/base\t1cmtt.fd
File: t1cmtt.fd 2019/12/16 v2.5j Standard LaTeX font definitions
)
[1{C:/Users/sjorv/AppData/Local/MiKTeX/pdftex/config/pdftex.map}

]
LaTeX Font Info:    Trying to load font information for TS1+qpl on input line 1
71.

(C:\Users\sjorv\AppData\Local\Programs\MiKTeX\tex/latex/tex-gyre\ts1qpl.fd
File: ts1qpl.fd 2009/09/25 v1.2 font definition file for TS1/qpl
)
Overfull \hbox (18.78319pt too wide) in paragraph at lines 185--239
 [][] 
 []

[2] (worksheet.aux)
Package rerunfilecheck Info: File `worksheet.out' has not changed.
(rerunfilecheck)             Checksum: D41D8CD98F00B204E9800998ECF8427E;0.
 ) 
Here is how much of TeX's memory you used:
 38778 strings out of 479832
 941687 string characters out of 2871057
 1378519 words of memory out of 3000000
 55070 multiletter control sequences out of 15000+200000
 564661 words of font info for 60 fonts, out of 3000000 for 9000
 1141 hyphenation exceptions out of 8191
 103i,23n,129p,730b,898s stack positions out of 5000i,500n,10000p,200000b,50000s
{C:/Users/sjorv/AppData/Local/Programs/MiKTeX/fonts/enc/dvips/tex-gyre/q-ts1.
enc}{C:/Users/sjorv/AppData/Local/Programs/MiKTeX/fonts/enc/dvips/tex-gyre/q-ec
.enc}<C:/Users/sjorv/AppData/Local/Programs/MiKTeX/fonts/type1/public/amsfonts/
cm/cmex10.pfb><C:/Users/sjorv/AppData/Local/Programs/MiKTeX/fonts/type1/public/
amsfonts/cmextra/cmex8.pfb><C:/Users/sjorv/AppData/Local/Programs/MiKTeX/fonts/
type1/public/amsfonts/cm/cmmi10.pfb><C:/Users/sjorv/AppData/Local/Programs/MiKT
eX/fonts/type1/public/amsfonts/cm/cmmi6.pfb><C:/Users/sjorv/AppData/Local/Progr
ams/MiKTeX/fonts/type1/public/amsfonts/cm/cmmi7.pfb><C:/Users/sjorv/AppData/Loc
al/Programs/MiKTeX/fonts/type1/public/amsfonts/cm/cmmi8.pfb><C:/Users/sjorv/App
Data/Local/Programs/MiKTeX/fonts/type1/public/amsfonts/cm/cmr10.pfb><C:/Users/s
jorv/AppData/Local/Programs/MiKTeX/fonts/type1/public/amsfonts/cm/cmr5.pfb><C:/
Users/sjorv/AppData/Local/Programs/MiKTeX/fonts/type1/public/amsfonts/cm/cmr6.p
fb><C:/Users/sjorv/AppData/Local/Programs/MiKTeX/fonts/type1/public/amsfonts/cm
/cmr7.pfb><C:/Users/sjorv/AppData/Local/Programs/MiKTeX/fonts/type1/public/amsf
onts/cm/cmr8.pfb><C:/Users/sjorv/AppData/Local/Programs/MiKTeX/fonts/type1/publ
ic/amsfonts/cm/cmsy10.pfb><C:/Users/sjorv/AppData/Local/Programs/MiKTeX/fonts/t
ype1/public/amsfonts/cm/cmsy5.pfb><C:/Users/sjorv/AppData/Local/Programs/MiKTeX
/fonts/type1/public/amsfonts/cm/cmsy6.pfb><C:/Users/sjorv/AppData/Local/Program
s/MiKTeX/fonts/type1/public/amsfonts/cm/cmsy7.pfb><C:/Users/sjorv/AppData/Local
/Programs/MiKTeX/fonts/type1/public/amsfonts/cm/cmsy8.pfb><C:/Users/sjorv/AppDa
ta/Local/Programs/MiKTeX/fonts/type1/public/amsfonts/symbols/msam10.pfb><C:/Use
rs/sjorv/AppData/Local/Programs/MiKTeX/fonts/type1/public/amsfonts/symbols/msam
7.pfb><C:/Users/sjorv/AppData/Local/Programs/MiKTeX/fonts/type1/public/tex-gyre
/qplb.pfb><C:/Users/sjorv/AppData/Local/Programs/MiKTeX/fonts/type1/public/tex-
gyre/qplr.pfb><C:/Users/sjorv/AppData/Local/Programs/MiKTeX/fonts/type1/public/
tex-gyre/qplri.pfb>
Output written on worksheet.pdf (2 pages, 341692 bytes).
PDF statistics:
 156 PDF objects out of 1000 (max. 8388607)
 9 named destinations out of 1000 (max. 500000)
 157 words of extra memory for PDF output out of 10000 (max. 10000000)

